<?xml version="1.0" encoding="UTF-8"?>
<!-- Generated by org.testng.reporters.JUnitXMLReporter -->
<testsuite hostname="DESKTOP-0502D5G" ignored="0" name="Default test" tests="5" failures="0" timestamp="25 Nov 2019 17:29:03 GMT" time="1.083" errors="0">
  <testcase name="@BeforeTest setup" time="0.0" classname="rockall.rockall.AppTest">
    <failure type="org.testng.TestNGException" message="
Parameter &amp;apos;browser&amp;apos; is required by BeforeTest on method setup but has not been marked @Optional or defined
in C:\Users\Awani\AppData\Local\Temp\testng-eclipse-1010076614\testng-customsuite.xml">
      <![CDATA[org.testng.TestNGException: 
Parameter 'browser' is required by BeforeTest on method setup but has not been marked @Optional or defined
in C:\Users\Awani\AppData\Local\Temp\testng-eclipse-1010076614\testng-customsuite.xml
	at org.testng.internal.Parameters.createParameters(Parameters.java:199)
	at org.testng.internal.Parameters.createParameters(Parameters.java:443)
	at org.testng.internal.Parameters.createConfigurationParameters(Parameters.java:118)
	at org.testng.internal.Invoker.invokeConfigurations(Invoker.java:203)
	at org.testng.internal.Invoker.invokeConfigurations(Invoker.java:144)
	at org.testng.TestRunner.beforeRun(TestRunner.java:634)
	at org.testng.TestRunner.run(TestRunner.java:602)
	at org.testng.SuiteRunner.runTest(SuiteRunner.java:387)
	at org.testng.SuiteRunner.runSequentially(SuiteRunner.java:382)
	at org.testng.SuiteRunner.privateRun(SuiteRunner.java:340)
	at org.testng.SuiteRunner.run(SuiteRunner.java:289)
	at org.testng.SuiteRunnerWorker.runSuite(SuiteRunnerWorker.java:52)
	at org.testng.SuiteRunnerWorker.run(SuiteRunnerWorker.java:86)
	at org.testng.TestNG.runSuitesSequentially(TestNG.java:1293)
	at org.testng.TestNG.runSuitesLocally(TestNG.java:1218)
	at org.testng.TestNG.runSuites(TestNG.java:1133)
	at org.testng.TestNG.run(TestNG.java:1104)
	at org.testng.remote.AbstractRemoteTestNG.run(AbstractRemoteTestNG.java:132)
	at org.testng.remote.RemoteTestNG.initAndRun(RemoteTestNG.java:236)
	at org.testng.remote.RemoteTestNG.main(RemoteTestNG.java:81)
]]>
    </failure>
  </testcase> <!-- @BeforeTest setup -->
  <testcase name="@AfterMethod afterEveryTest" time="0.0" classname="rockall.rockall.AppTest">
    <skipped/>
  </testcase> <!-- @AfterMethod afterEveryTest -->
  <testcase name="@AfterMethod afterEveryTest" time="0.0" classname="rockall.rockall.AppTest">
    <skipped/>
  </testcase> <!-- @AfterMethod afterEveryTest -->
  <testcase name="@AfterMethod afterEveryTest" time="0.0" classname="rockall.rockall.AppTest">
    <skipped/>
  </testcase> <!-- @AfterMethod afterEveryTest -->
  <testcase name="@AfterMethod afterEveryTest" time="0.0" classname="rockall.rockall.AppTest">
    <skipped/>
  </testcase> <!-- @AfterMethod afterEveryTest -->
  <testcase name="@AfterMethod afterEveryTest" time="0.0" classname="rockall.rockall.AppTest">
    <skipped/>
  </testcase> <!-- @AfterMethod afterEveryTest -->
  <testcase name="@AfterClass tearDown" time="0.0" classname="rockall.rockall.AppTest">
    <skipped/>
  </testcase> <!-- @AfterClass tearDown -->
  <testcase name="testParameterWithXML" time="0.01" classname="rockall.rockall.AppTest">
    <skipped/>
  </testcase> <!-- testParameterWithXML -->
  <testcase name="testParameterWithXML" time="0.001" classname="rockall.rockall.AppTest">
    <skipped/>
  </testcase> <!-- testParameterWithXML -->
  <testcase name="testParameterWithXML" time="0.005" classname="rockall.rockall.AppTest">
    <skipped/>
  </testcase> <!-- testParameterWithXML -->
  <testcase name="testParameterWithXML" time="0.002" classname="rockall.rockall.AppTest">
    <skipped/>
  </testcase> <!-- testParameterWithXML -->
  <testcase name="testParameterWithXML" time="0.002" classname="rockall.rockall.AppTest">
    <skipped/>
  </testcase> <!-- testParameterWithXML -->
</testsuite> <!-- Default test -->
