<?xml version="1.0" encoding="UTF-8"?>
<testng-results skipped="0" failed="2" ignored="0" total="5" passed="3">
  <reporter-output>
  </reporter-output>
  <suite name="Suite" duration-ms="39203" started-at="2019-11-25T19:37:55Z" finished-at="2019-11-25T19:38:35Z">
    <groups>
    </groups>
    <test name="CurrencyConversionTest" duration-ms="39203" started-at="2019-11-25T19:37:55Z" finished-at="2019-11-25T19:38:35Z">
      <class name="rockall.rockall.AppTest">
        <test-method status="PASS" signature="setup(java.lang.String)[pri:0, instance:rockall.rockall.AppTest@6093dd95]" name="setup" is-config="true" duration-ms="13961" started-at="2019-11-26T01:07:55Z" finished-at="2019-11-26T01:08:09Z">
          <params>
            <param index="0">
              <value>
                <![CDATA[]]>
              </value>
            </param>
          </params>
          <reporter-output>
          </reporter-output>
        </test-method> <!-- setup -->
        <test-method status="PASS" signature="testParameterWithXML(java.lang.String, java.lang.String, java.lang.String, java.lang.String)[pri:0, instance:rockall.rockall.AppTest@6093dd95]" name="testParameterWithXML" duration-ms="5876" started-at="2019-11-26T01:08:14Z" data-provider="currencyConversionData" finished-at="2019-11-26T01:08:19Z">
          <params>
            <param index="0">
              <value>
                <![CDATA[TC_01]]>
              </value>
            </param>
            <param index="1">
              <value>
                <![CDATA[100]]>
              </value>
            </param>
            <param index="2">
              <value>
                <![CDATA[EUR]]>
              </value>
            </param>
            <param index="3">
              <value>
                <![CDATA[GBP]]>
              </value>
            </param>
          </params>
          <reporter-output>
          </reporter-output>
        </test-method> <!-- testParameterWithXML -->
        <test-method status="PASS" signature="afterEveryTest(org.testng.ITestResult)[pri:0, instance:rockall.rockall.AppTest@6093dd95]" name="afterEveryTest" is-config="true" duration-ms="4" started-at="2019-11-26T01:08:19Z" finished-at="2019-11-26T01:08:19Z">
          <params>
            <param index="0">
              <value>
                <![CDATA[[TestResult name=testParameterWithXML status=SUCCESS method=AppTest.testParameterWithXML(java.lang.String, java.lang.String, java.lang.String, java.lang.String)[pri:0, instance:rockall.rockall.AppTest@6093dd95] output={null}]]]>
              </value>
            </param>
          </params>
          <reporter-output>
          </reporter-output>
        </test-method> <!-- afterEveryTest -->
        <test-method status="FAIL" signature="testParameterWithXML(java.lang.String, java.lang.String, java.lang.String, java.lang.String)[pri:0, instance:rockall.rockall.AppTest@6093dd95]" name="testParameterWithXML" duration-ms="3849" started-at="2019-11-26T01:08:19Z" data-provider="currencyConversionData" finished-at="2019-11-26T01:08:23Z">
          <params>
            <param index="0">
              <value>
                <![CDATA[TC_02]]>
              </value>
            </param>
            <param index="1">
              <value>
                <![CDATA[90000]]>
              </value>
            </param>
            <param index="2">
              <value>
                <![CDATA[EUR]]>
              </value>
            </param>
            <param index="3">
              <value>
                <![CDATA[INR]]>
              </value>
            </param>
          </params>
          <exception class="java.lang.AssertionError">
            <message>
              <![CDATA[expected [true] but found [false]]]>
            </message>
            <full-stacktrace>
              <![CDATA[java.lang.AssertionError: expected [true] but found [false]
	at org.testng.Assert.fail(Assert.java:94)
	at org.testng.Assert.failNotEquals(Assert.java:513)
	at org.testng.Assert.assertTrue(Assert.java:42)
	at org.testng.Assert.assertTrue(Assert.java:52)
	at pages.HomePage.validateConversion(HomePage.java:92)
	at rockall.rockall.AppTest.testParameterWithXML(AppTest.java:50)
	at sun.reflect.NativeMethodAccessorImpl.invoke0(Native Method)
	at sun.reflect.NativeMethodAccessorImpl.invoke(NativeMethodAccessorImpl.java:62)
	at sun.reflect.DelegatingMethodAccessorImpl.invoke(DelegatingMethodAccessorImpl.java:43)
	at java.lang.reflect.Method.invoke(Method.java:498)
	at org.testng.internal.MethodInvocationHelper.invokeMethod(MethodInvocationHelper.java:104)
	at org.testng.internal.Invoker.invokeMethod(Invoker.java:645)
	at org.testng.internal.Invoker.invokeTestMethod(Invoker.java:851)
	at org.testng.internal.Invoker.invokeTestMethods(Invoker.java:1177)
	at org.testng.internal.TestMethodWorker.invokeTestMethods(TestMethodWorker.java:129)
	at org.testng.internal.TestMethodWorker.run(TestMethodWorker.java:112)
	at org.testng.TestRunner.privateRun(TestRunner.java:756)
	at org.testng.TestRunner.run(TestRunner.java:610)
	at org.testng.SuiteRunner.runTest(SuiteRunner.java:387)
	at org.testng.SuiteRunner.runSequentially(SuiteRunner.java:382)
	at org.testng.SuiteRunner.privateRun(SuiteRunner.java:340)
	at org.testng.SuiteRunner.run(SuiteRunner.java:289)
	at org.testng.SuiteRunnerWorker.runSuite(SuiteRunnerWorker.java:52)
	at org.testng.SuiteRunnerWorker.run(SuiteRunnerWorker.java:86)
	at org.testng.TestNG.runSuitesSequentially(TestNG.java:1293)
	at org.testng.TestNG.runSuitesLocally(TestNG.java:1218)
	at org.testng.TestNG.runSuites(TestNG.java:1133)
	at org.testng.TestNG.run(TestNG.java:1104)
	at org.testng.remote.AbstractRemoteTestNG.run(AbstractRemoteTestNG.java:132)
	at org.testng.remote.RemoteTestNG.initAndRun(RemoteTestNG.java:236)
	at org.testng.remote.RemoteTestNG.main(RemoteTestNG.java:81)
]]>
            </full-stacktrace>
          </exception> <!-- java.lang.AssertionError -->
          <reporter-output>
          </reporter-output>
        </test-method> <!-- testParameterWithXML -->
        <test-method status="PASS" signature="afterEveryTest(org.testng.ITestResult)[pri:0, instance:rockall.rockall.AppTest@6093dd95]" name="afterEveryTest" is-config="true" duration-ms="1" started-at="2019-11-26T01:08:23Z" finished-at="2019-11-26T01:08:23Z">
          <params>
            <param index="0">
              <value>
                <![CDATA[[TestResult name=testParameterWithXML status=FAILURE method=AppTest.testParameterWithXML(java.lang.String, java.lang.String, java.lang.String, java.lang.String)[pri:0, instance:rockall.rockall.AppTest@6093dd95] output={null}]]]>
              </value>
            </param>
          </params>
          <reporter-output>
          </reporter-output>
        </test-method> <!-- afterEveryTest -->
        <test-method status="PASS" signature="testParameterWithXML(java.lang.String, java.lang.String, java.lang.String, java.lang.String)[pri:0, instance:rockall.rockall.AppTest@6093dd95]" name="testParameterWithXML" duration-ms="3516" started-at="2019-11-26T01:08:23Z" data-provider="currencyConversionData" finished-at="2019-11-26T01:08:27Z">
          <params>
            <param index="0">
              <value>
                <![CDATA[TC_03]]>
              </value>
            </param>
            <param index="1">
              <value>
                <![CDATA[85000]]>
              </value>
            </param>
            <param index="2">
              <value>
                <![CDATA[GBP]]>
              </value>
            </param>
            <param index="3">
              <value>
                <![CDATA[INR]]>
              </value>
            </param>
          </params>
          <reporter-output>
          </reporter-output>
        </test-method> <!-- testParameterWithXML -->
        <test-method status="PASS" signature="afterEveryTest(org.testng.ITestResult)[pri:0, instance:rockall.rockall.AppTest@6093dd95]" name="afterEveryTest" is-config="true" duration-ms="1" started-at="2019-11-26T01:08:27Z" finished-at="2019-11-26T01:08:27Z">
          <params>
            <param index="0">
              <value>
                <![CDATA[[TestResult name=testParameterWithXML status=SUCCESS method=AppTest.testParameterWithXML(java.lang.String, java.lang.String, java.lang.String, java.lang.String)[pri:0, instance:rockall.rockall.AppTest@6093dd95] output={null}]]]>
              </value>
            </param>
          </params>
          <reporter-output>
          </reporter-output>
        </test-method> <!-- afterEveryTest -->
        <test-method status="PASS" signature="testParameterWithXML(java.lang.String, java.lang.String, java.lang.String, java.lang.String)[pri:0, instance:rockall.rockall.AppTest@6093dd95]" name="testParameterWithXML" duration-ms="3043" started-at="2019-11-26T01:08:27Z" data-provider="currencyConversionData" finished-at="2019-11-26T01:08:30Z">
          <params>
            <param index="0">
              <value>
                <![CDATA[TC_04]]>
              </value>
            </param>
            <param index="1">
              <value>
                <![CDATA[100000]]>
              </value>
            </param>
            <param index="2">
              <value>
                <![CDATA[USD]]>
              </value>
            </param>
            <param index="3">
              <value>
                <![CDATA[EUR]]>
              </value>
            </param>
          </params>
          <reporter-output>
          </reporter-output>
        </test-method> <!-- testParameterWithXML -->
        <test-method status="PASS" signature="afterEveryTest(org.testng.ITestResult)[pri:0, instance:rockall.rockall.AppTest@6093dd95]" name="afterEveryTest" is-config="true" duration-ms="0" started-at="2019-11-26T01:08:30Z" finished-at="2019-11-26T01:08:30Z">
          <params>
            <param index="0">
              <value>
                <![CDATA[[TestResult name=testParameterWithXML status=SUCCESS method=AppTest.testParameterWithXML(java.lang.String, java.lang.String, java.lang.String, java.lang.String)[pri:0, instance:rockall.rockall.AppTest@6093dd95] output={null}]]]>
              </value>
            </param>
          </params>
          <reporter-output>
          </reporter-output>
        </test-method> <!-- afterEveryTest -->
        <test-method status="FAIL" signature="testParameterWithXML(java.lang.String, java.lang.String, java.lang.String, java.lang.String)[pri:0, instance:rockall.rockall.AppTest@6093dd95]" name="testParameterWithXML" duration-ms="3366" started-at="2019-11-26T01:08:30Z" data-provider="currencyConversionData" finished-at="2019-11-26T01:08:33Z">
          <params>
            <param index="0">
              <value>
                <![CDATA[TC_05]]>
              </value>
            </param>
            <param index="1">
              <value>
                <![CDATA[8797]]>
              </value>
            </param>
            <param index="2">
              <value>
                <![CDATA[EUR]]>
              </value>
            </param>
            <param index="3">
              <value>
                <![CDATA[USD]]>
              </value>
            </param>
          </params>
          <exception class="java.lang.AssertionError">
            <message>
              <![CDATA[expected [true] but found [false]]]>
            </message>
            <full-stacktrace>
              <![CDATA[java.lang.AssertionError: expected [true] but found [false]
	at org.testng.Assert.fail(Assert.java:94)
	at org.testng.Assert.failNotEquals(Assert.java:513)
	at org.testng.Assert.assertTrue(Assert.java:42)
	at org.testng.Assert.assertTrue(Assert.java:52)
	at pages.HomePage.validateConversion(HomePage.java:92)
	at rockall.rockall.AppTest.testParameterWithXML(AppTest.java:50)
	at sun.reflect.NativeMethodAccessorImpl.invoke0(Native Method)
	at sun.reflect.NativeMethodAccessorImpl.invoke(NativeMethodAccessorImpl.java:62)
	at sun.reflect.DelegatingMethodAccessorImpl.invoke(DelegatingMethodAccessorImpl.java:43)
	at java.lang.reflect.Method.invoke(Method.java:498)
	at org.testng.internal.MethodInvocationHelper.invokeMethod(MethodInvocationHelper.java:104)
	at org.testng.internal.Invoker.invokeMethod(Invoker.java:645)
	at org.testng.internal.Invoker.invokeTestMethod(Invoker.java:851)
	at org.testng.internal.Invoker.invokeTestMethods(Invoker.java:1177)
	at org.testng.internal.TestMethodWorker.invokeTestMethods(TestMethodWorker.java:129)
	at org.testng.internal.TestMethodWorker.run(TestMethodWorker.java:112)
	at org.testng.TestRunner.privateRun(TestRunner.java:756)
	at org.testng.TestRunner.run(TestRunner.java:610)
	at org.testng.SuiteRunner.runTest(SuiteRunner.java:387)
	at org.testng.SuiteRunner.runSequentially(SuiteRunner.java:382)
	at org.testng.SuiteRunner.privateRun(SuiteRunner.java:340)
	at org.testng.SuiteRunner.run(SuiteRunner.java:289)
	at org.testng.SuiteRunnerWorker.runSuite(SuiteRunnerWorker.java:52)
	at org.testng.SuiteRunnerWorker.run(SuiteRunnerWorker.java:86)
	at org.testng.TestNG.runSuitesSequentially(TestNG.java:1293)
	at org.testng.TestNG.runSuitesLocally(TestNG.java:1218)
	at org.testng.TestNG.runSuites(TestNG.java:1133)
	at org.testng.TestNG.run(TestNG.java:1104)
	at org.testng.remote.AbstractRemoteTestNG.run(AbstractRemoteTestNG.java:132)
	at org.testng.remote.RemoteTestNG.initAndRun(RemoteTestNG.java:236)
	at org.testng.remote.RemoteTestNG.main(RemoteTestNG.java:81)
]]>
            </full-stacktrace>
          </exception> <!-- java.lang.AssertionError -->
          <reporter-output>
          </reporter-output>
        </test-method> <!-- testParameterWithXML -->
        <test-method status="PASS" signature="afterEveryTest(org.testng.ITestResult)[pri:0, instance:rockall.rockall.AppTest@6093dd95]" name="afterEveryTest" is-config="true" duration-ms="1" started-at="2019-11-26T01:08:33Z" finished-at="2019-11-26T01:08:33Z">
          <params>
            <param index="0">
              <value>
                <![CDATA[[TestResult name=testParameterWithXML status=FAILURE method=AppTest.testParameterWithXML(java.lang.String, java.lang.String, java.lang.String, java.lang.String)[pri:0, instance:rockall.rockall.AppTest@6093dd95] output={null}]]]>
              </value>
            </param>
          </params>
          <reporter-output>
          </reporter-output>
        </test-method> <!-- afterEveryTest -->
        <test-method status="PASS" signature="tearDown()[pri:0, instance:rockall.rockall.AppTest@6093dd95]" name="tearDown" is-config="true" duration-ms="1392" started-at="2019-11-26T01:08:33Z" finished-at="2019-11-26T01:08:35Z">
          <reporter-output>
          </reporter-output>
        </test-method> <!-- tearDown -->
      </class> <!-- rockall.rockall.AppTest -->
    </test> <!-- CurrencyConversionTest -->
  </suite> <!-- Suite -->
</testng-results>
