<?xml version="1.0" encoding="UTF-8"?>
<!-- Generated by org.testng.reporters.JUnitXMLReporter -->
<testsuite hostname="DESKTOP-0502D5G" ignored="0" name="ChromeTest" tests="5" failures="1" timestamp="24 Nov 2019 18:14:10 GMT" time="36.696" errors="0">
  <testcase name="testParameterWithXML" time="7.646" classname="rockall.rockall.AppTest"/>
  <testcase name="testParameterWithXML" time="5.387" classname="rockall.rockall.AppTest"/>
  <testcase name="testParameterWithXML" time="3.268" classname="rockall.rockall.AppTest">
    <failure type="java.lang.AssertionError" message="expected [true] but found [false]">
      <![CDATA[java.lang.AssertionError: expected [true] but found [false]
	at pages.HomePage.validateConversion(HomePage.java:82)
	at rockall.rockall.AppTest.testParameterWithXML(AppTest.java:75)
... Removed 29 stack frames]]>
    </failure>
  </testcase> <!-- testParameterWithXML -->
  <testcase name="testParameterWithXML" time="3.188" classname="rockall.rockall.AppTest"/>
  <testcase name="testParameterWithXML" time="3.142" classname="rockall.rockall.AppTest"/>
</testsuite> <!-- ChromeTest -->
